<?xml version="1.0" encoding="UTF-8"?>
<!-- Generated by org.testng.reporters.JUnitReportReporter -->
<testsuite hostname="PK-QAT-LP-207" failures="0" tests="1" name="tests.JobsTest" time="0.002" errors="0" timestamp="2024-05-21T13:49:49 IST" skipped="0">
  <testcase classname="tests.JobsTest" name="jobsDetails" time="0.002"/>
  <system-out/>
</testsuite> <!-- tests.JobsTest -->
